INFO:root:
Input path exists: \Intel-AI\Computer-Pointer-Controller-OpenVINO\bin\demo.mp4
INFO:root:## Face Model path is correct: \Intel-AI\Computer-Pointer-Controller-OpenVINO\intel\face-detection-adas-binary-0001\FP32-INT1\face-detection-adas-binary-0001.xml
INFO:root:## Landmarks Model path is correct: \Intel-AI\Computer-Pointer-Controller-OpenVINO\intel\landmarks-regression-retail-0009\FP32\landmarks-regression-retail-0009.xml
INFO:root:## Headpose Model path is correct: \Intel-AI\Computer-Pointer-Controller-OpenVINO\intel\head-pose-estimation-adas-0001\FP32\head-pose-estimation-adas-0001.xml
INFO:root:## Gaze Model path is correct: \Intel-AI\Computer-Pointer-Controller-OpenVINO\intel\gaze-estimation-adas-0002\FP32\gaze-estimation-adas-0002.xml
INFO:root:## Loaded Input Feeder 
INFO:root:FaceDetection load time: 281.252 ms
INFO:root:FacialLandmarkDetection load time: 140.626 ms
INFO:root:HeadPoseEstimation load time: 125.004 ms
INFO:root:GazeEstimation load time: 156.367 ms
INFO:root:Total Load time: 703.249 ms
INFO:root:## All model successfully loaded!
INFO:root:## Start inference on frame!
ERROR:root:flag_return: False. Video has reach to the end...
INFO:root:Average inference time of FaceDetection model: 44.44620164774232 ms
INFO:root:Average inference time of FacialLandmarkDetection model: 1.1093737715381686 ms
INFO:root:Average inference time of HeadPoseEstimation model: 2.254478001998643 ms
INFO:root:Average inference time of GazeEstimation model: 6.775185213250629 ms
INFO:root:Total inference time: 36311.561 ms
INFO:root:Total frame: 59
INFO:root:FPS: 1.6248072262612911
ERROR:root:### Camera Stream or Video Stream has reach to the end...###
INFO:root:
Input path exists: \Intel-AI\Computer-Pointer-Controller-OpenVINO\bin\demo.mp4
INFO:root:## Face Model path is correct: \Intel-AI\Computer-Pointer-Controller-OpenVINO\intel\face-detection-adas-binary-0001\FP32-INT1\face-detection-adas-binary-0001.xml
INFO:root:## Landmarks Model path is correct: \Intel-AI\Computer-Pointer-Controller-OpenVINO\intel\landmarks-regression-retail-0009\FP16\landmarks-regression-retail-0009.xml
INFO:root:## Headpose Model path is correct: \Intel-AI\Computer-Pointer-Controller-OpenVINO\intel\head-pose-estimation-adas-0001\FP16\head-pose-estimation-adas-0001.xml
INFO:root:## Gaze Model path is correct: \Intel-AI\Computer-Pointer-Controller-OpenVINO\intel\gaze-estimation-adas-0002\FP16\gaze-estimation-adas-0002.xml
INFO:root:## Loaded Input Feeder 
INFO:root:FaceDetection load time: 283.418 ms
INFO:root:FacialLandmarkDetection load time: 147.85 ms
INFO:root:HeadPoseEstimation load time: 140.624 ms
INFO:root:GazeEstimation load time: 156.248 ms
INFO:root:Total Load time: 728.14 ms
INFO:root:## All model successfully loaded!
INFO:root:## Start inference on frame!
ERROR:root:flag_return: False. Video has reach to the end...
INFO:root:Average inference time of FaceDetection model: 45.53649385096663 ms
INFO:root:Average inference time of FacialLandmarkDetection model: 0.0 ms
INFO:root:Average inference time of HeadPoseEstimation model: 1.59044184927213 ms
INFO:root:Average inference time of GazeEstimation model: 9.268251516051212 ms
INFO:root:Total inference time: 36427.976 ms
INFO:root:Total frame: 59
INFO:root:FPS: 1.6196332491490064
ERROR:root:### Camera Stream or Video Stream has reach to the end...###
INFO:root:
Input path exists: \Intel-AI\Computer-Pointer-Controller-OpenVINO\bin\demo.mp4
INFO:root:## Face Model path is correct: \Intel-AI\Computer-Pointer-Controller-OpenVINO\intel\face-detection-adas-binary-0001\FP32-INT1\face-detection-adas-binary-0001.xml
INFO:root:## Landmarks Model path is correct: \Intel-AI\Computer-Pointer-Controller-OpenVINO\intel\landmarks-regression-retail-0009\FP16-INT8\landmarks-regression-retail-0009.xml
INFO:root:## Headpose Model path is correct: \Intel-AI\Computer-Pointer-Controller-OpenVINO\intel\head-pose-estimation-adas-0001\FP16-INT8\head-pose-estimation-adas-0001.xml
INFO:root:## Gaze Model path is correct: \Intel-AI\Computer-Pointer-Controller-OpenVINO\intel\gaze-estimation-adas-0002\FP16-INT8\gaze-estimation-adas-0002.xml
INFO:root:## Loaded Input Feeder 
INFO:root:FaceDetection load time: 312.496 ms
INFO:root:FacialLandmarkDetection load time: 562.529 ms
INFO:root:HeadPoseEstimation load time: 250.139 ms
INFO:root:GazeEstimation load time: 281.247 ms
INFO:root:Total Load time: 1406.41 ms
INFO:root:## All model successfully loaded!
INFO:root:## Start inference on frame!
ERROR:root:flag_return: False. Video has reach to the end...
INFO:root:Average inference time of FaceDetection model: 43.02831019385386 ms
INFO:root:Average inference time of FacialLandmarkDetection model: 1.8699532848293499 ms
INFO:root:Average inference time of HeadPoseEstimation model: 1.0677838729599776 ms
INFO:root:Average inference time of GazeEstimation model: 3.7062855090125133 ms
INFO:root:Total inference time: 35693.089 ms
INFO:root:Total frame: 59
INFO:root:FPS: 1.6529851791667836
ERROR:root:### Camera Stream or Video Stream has reach to the end...###
INFO:root:
## You are using CAMERA right now...cam detected!
INFO:root:## Face Model path is correct: \Intel-AI\Computer-Pointer-Controller-OpenVINO\intel\face-detection-adas-binary-0001\FP32-INT1\face-detection-adas-binary-0001.xml
INFO:root:## Landmarks Model path is correct: \Intel-AI\Computer-Pointer-Controller-OpenVINO\intel\landmarks-regression-retail-0009\FP32\landmarks-regression-retail-0009.xml
INFO:root:## Headpose Model path is correct: \Intel-AI\Computer-Pointer-Controller-OpenVINO\intel\head-pose-estimation-adas-0001\FP32\head-pose-estimation-adas-0001.xml
INFO:root:## Gaze Model path is correct: \Intel-AI\Computer-Pointer-Controller-OpenVINO\intel\gaze-estimation-adas-0002\FP32\gaze-estimation-adas-0002.xml
INFO:root:## Loaded Input Feeder 
INFO:root:FaceDetection load time: 341.981 ms
INFO:root:FacialLandmarkDetection load time: 141.001 ms
INFO:root:HeadPoseEstimation load time: 124.003 ms
INFO:root:GazeEstimation load time: 151.001 ms
INFO:root:Total Load time: 757.986 ms
INFO:root:## All model successfully loaded!
INFO:root:## Start inference on frame!
INFO:root:
## You are using CAMERA right now...cam detected!
INFO:root:## Face Model path is correct: \Intel-AI\Computer-Pointer-Controller-OpenVINO\intel\face-detection-adas-binary-0001\FP32-INT1\face-detection-adas-binary-0001.xml
INFO:root:## Landmarks Model path is correct: \Intel-AI\Computer-Pointer-Controller-OpenVINO\intel\landmarks-regression-retail-0009\FP32\landmarks-regression-retail-0009.xml
INFO:root:## Headpose Model path is correct: \Intel-AI\Computer-Pointer-Controller-OpenVINO\intel\head-pose-estimation-adas-0001\FP32\head-pose-estimation-adas-0001.xml
INFO:root:## Gaze Model path is correct: \Intel-AI\Computer-Pointer-Controller-OpenVINO\intel\gaze-estimation-adas-0002\FP32\gaze-estimation-adas-0002.xml
INFO:root:## Loaded Input Feeder 
INFO:root:FaceDetection load time: 305.984 ms
INFO:root:FacialLandmarkDetection load time: 140.003 ms
INFO:root:HeadPoseEstimation load time: 124.997 ms
INFO:root:GazeEstimation load time: 153.0 ms
INFO:root:Total Load time: 724.984 ms
INFO:root:## All model successfully loaded!
INFO:root:## Start inference on frame!
INFO:root:
## You are using CAMERA right now...cam detected!
INFO:root:## Face Model path is correct: \Intel-AI\Computer-Pointer-Controller-OpenVINO\intel\face-detection-adas-binary-0001\FP32-INT1\face-detection-adas-binary-0001.xml
INFO:root:## Landmarks Model path is correct: \Intel-AI\Computer-Pointer-Controller-OpenVINO\intel\landmarks-regression-retail-0009\FP32\landmarks-regression-retail-0009.xml
INFO:root:## Headpose Model path is correct: \Intel-AI\Computer-Pointer-Controller-OpenVINO\intel\head-pose-estimation-adas-0001\FP32\head-pose-estimation-adas-0001.xml
INFO:root:## Gaze Model path is correct: \Intel-AI\Computer-Pointer-Controller-OpenVINO\intel\gaze-estimation-adas-0002\FP32\gaze-estimation-adas-0002.xml
INFO:root:## Loaded Input Feeder 
INFO:root:FaceDetection load time: 297.997 ms
INFO:root:FacialLandmarkDetection load time: 142.0 ms
INFO:root:HeadPoseEstimation load time: 125.997 ms
INFO:root:GazeEstimation load time: 148.002 ms
INFO:root:Total Load time: 713.995 ms
INFO:root:## All model successfully loaded!
INFO:root:## Start inference on frame!
INFO:root:
## You are using CAMERA right now...cam detected!
INFO:root:## Face Model path is correct: \Intel-AI\Computer-Pointer-Controller-OpenVINO\intel\face-detection-adas-binary-0001\FP32-INT1\face-detection-adas-binary-0001.xml
INFO:root:## Landmarks Model path is correct: \Intel-AI\Computer-Pointer-Controller-OpenVINO\intel\landmarks-regression-retail-0009\FP32\landmarks-regression-retail-0009.xml
INFO:root:## Headpose Model path is correct: \Intel-AI\Computer-Pointer-Controller-OpenVINO\intel\head-pose-estimation-adas-0001\FP32\head-pose-estimation-adas-0001.xml
INFO:root:## Gaze Model path is correct: \Intel-AI\Computer-Pointer-Controller-OpenVINO\intel\gaze-estimation-adas-0002\FP32\gaze-estimation-adas-0002.xml
INFO:root:## Loaded Input Feeder 
INFO:root:FaceDetection load time: 333.992 ms
INFO:root:FacialLandmarkDetection load time: 141.004 ms
INFO:root:HeadPoseEstimation load time: 127.995 ms
INFO:root:GazeEstimation load time: 155.005 ms
INFO:root:Total Load time: 757.996 ms
INFO:root:## All model successfully loaded!
INFO:root:## Start inference on frame!
INFO:root:Average inference time of FaceDetection model: 44.26696565416124 ms
INFO:root:Average inference time of FacialLandmarkDetection model: 1.3865762286716037 ms
INFO:root:Average inference time of HeadPoseEstimation model: 3.113918834262424 ms
INFO:root:Average inference time of GazeEstimation model: 3.44187683529324 ms
INFO:root:Total inference time: 17730.146 ms
INFO:root:Total frame: 19
INFO:root:FPS: 1.071630005640158
ERROR:root:### Camera Stream or Video Stream has reach to the end...###
INFO:root:
## You are using CAMERA right now...cam detected!
INFO:root:## Face Model path is correct: \Intel-AI\Computer-Pointer-Controller-OpenVINO\intel\face-detection-adas-binary-0001\FP32-INT1\face-detection-adas-binary-0001.xml
INFO:root:## Landmarks Model path is correct: \Intel-AI\Computer-Pointer-Controller-OpenVINO\intel\landmarks-regression-retail-0009\FP32\landmarks-regression-retail-0009.xml
INFO:root:## Headpose Model path is correct: \Intel-AI\Computer-Pointer-Controller-OpenVINO\intel\head-pose-estimation-adas-0001\FP32\head-pose-estimation-adas-0001.xml
INFO:root:## Gaze Model path is correct: \Intel-AI\Computer-Pointer-Controller-OpenVINO\intel\gaze-estimation-adas-0002\FP32\gaze-estimation-adas-0002.xml
INFO:root:## Loaded Input Feeder 
INFO:root:FaceDetection load time: 311.993 ms
INFO:root:FacialLandmarkDetection load time: 141.004 ms
INFO:root:HeadPoseEstimation load time: 124.998 ms
INFO:root:GazeEstimation load time: 145.997 ms
INFO:root:Total Load time: 723.992 ms
INFO:root:## All model successfully loaded!
INFO:root:## Start inference on frame!
INFO:root:Average inference time of FaceDetection model: 41.09692573547363 ms
INFO:root:Average inference time of FacialLandmarkDetection model: 0.9985685348510742 ms
INFO:root:Average inference time of HeadPoseEstimation model: 2.999544143676758 ms
INFO:root:Average inference time of GazeEstimation model: 3.5015344619750977 ms
INFO:root:Total inference time: 10130.145 ms
INFO:root:Total frame: 11
INFO:root:FPS: 1.085883514313919
ERROR:root:### Camera Stream or Video Stream has reach to the end...###
INFO:root:
Input path exists: \Intel-AI\Computer-Pointer-Controller-OpenVINO\bin\demo.mp4
INFO:root:## Face Model path is correct: \Intel-AI\Computer-Pointer-Controller-OpenVINO\intel\face-detection-adas-binary-0001\FP32-INT1\face-detection-adas-binary-0001.xml
INFO:root:## Landmarks Model path is correct: \Intel-AI\Computer-Pointer-Controller-OpenVINO\intel\landmarks-regression-retail-0009\FP16-INT8\landmarks-regression-retail-0009.xml
INFO:root:## Headpose Model path is correct: \Intel-AI\Computer-Pointer-Controller-OpenVINO\intel\head-pose-estimation-adas-0001\FP16-INT8\head-pose-estimation-adas-0001.xml
INFO:root:## Gaze Model path is correct: \Intel-AI\Computer-Pointer-Controller-OpenVINO\intel\gaze-estimation-adas-0002\FP16-INT8\gaze-estimation-adas-0002.xml
INFO:root:## Loaded Input Feeder 
INFO:root:FaceDetection load time: 281.249 ms
INFO:root:FacialLandmarkDetection load time: 171.88 ms
INFO:root:HeadPoseEstimation load time: 234.454 ms
INFO:root:GazeEstimation load time: 281.244 ms
INFO:root:Total Load time: 968.827 ms
INFO:root:## All model successfully loaded!
INFO:root:## Start inference on frame!
INFO:root:Average inference time of FaceDetection model: 46.85688018798828 ms
INFO:root:Average inference time of FacialLandmarkDetection model: 0.0 ms
INFO:root:Average inference time of HeadPoseEstimation model: 3.9047598838806152 ms
INFO:root:Average inference time of GazeEstimation model: 0.0 ms
INFO:root:Total inference time: 5287.603 ms
INFO:root:Total frame: 9
INFO:root:FPS: 1.70196671709531
ERROR:root:### Camera Stream or Video Stream has reach to the end...###
